{
  "RSpec": {
    "coverage": {
      "/home/gwiazdasmierci/Ruby/projekty-tar/lib/insertionsort.rb": [
        null,
        1,
        2,
        2,
        2,
        3,
        2,
        null,
        1,
        null,
        null,
        null,
        null,
        null,
        1,
        3,
        3,
        2,
        null,
        null,
        null,
        1,
        4,
        null,
        null,
        1,
        6,
        null,
        null,
        1,
        4,
        1,
        null
      ]
    },
    "timestamp": 1479087318
  }
}
